<?xml version="1.0" encoding="UTF-8"?>
<!-- Generated by org.testng.reporters.JUnitReportReporter -->
<testsuite hostname="DESKTOP-VHMGHFC" failures="0" tests="1" name="suresh_rocks_pckg.surech_hero_rocks" time="8.028" errors="0" timestamp="2021-09-25T06:59:48 BST" skipped="0">
  <testcase classname="suresh_rocks_pckg.surech_hero_rocks" name="syso" time="8.028"/>
  <system-out/>
</testsuite> <!-- suresh_rocks_pckg.surech_hero_rocks -->
